<?xml version="1.0" encoding="UTF-8"?>
<testsuite name="com.dersplatform.service.TutorReferenceServiceTest" tests="4" skipped="0" failures="0" errors="0" timestamp="2026-07-02T12:23:38.006Z" hostname="Users-MacBook-Pro.local" time="0.035">
  <properties/>
  <testcase name="updateReferenceStatus_ShouldSucceed()" classname="com.dersplatform.service.TutorReferenceServiceTest" time="0.032"/>
  <testcase name="createReference_ShouldThrow_whenNotTutor()" classname="com.dersplatform.service.TutorReferenceServiceTest" time="0.0"/>
  <testcase name="createReference_ShouldSucceed_whenTutorExists()" classname="com.dersplatform.service.TutorReferenceServiceTest" time="0.001"/>
  <testcase name="getApprovedReferences_ShouldReturnList()" classname="com.dersplatform.service.TutorReferenceServiceTest" time="0.001"/>
  <system-out><![CDATA[]]></system-out>
  <system-err><![CDATA[]]></system-err>
</testsuite>
