<?xml version="1.0" encoding="UTF-8"?>
<testsuite name="com.dersplatform.service.ReviewServiceTest" tests="4" skipped="0" failures="0" errors="0" timestamp="2026-07-02T12:23:37.964Z" hostname="Users-MacBook-Pro.local" time="0.036">
  <properties/>
  <testcase name="getTutorReviews_ShouldReturnList()" classname="com.dersplatform.service.ReviewServiceTest" time="0.033"/>
  <testcase name="createReview_ShouldThrow_whenNotStudent()" classname="com.dersplatform.service.ReviewServiceTest" time="0.001"/>
  <testcase name="createReview_ShouldThrow_whenLessonNotCompleted()" classname="com.dersplatform.service.ReviewServiceTest" time="0.001"/>
  <testcase name="createReview_ShouldSucceed_whenLessonCompleted()" classname="com.dersplatform.service.ReviewServiceTest" time="0.001"/>
  <system-out><![CDATA[]]></system-out>
  <system-err><![CDATA[]]></system-err>
</testsuite>
