<?xml version="1.0" encoding="UTF-8"?>
<testsuite name="com.dersplatform.security.JwtTokenProviderTest" tests="5" skipped="0" failures="0" errors="0" timestamp="2026-07-02T12:23:37.225Z" hostname="Users-MacBook-Pro.local" time="0.042">
  <properties/>
  <testcase name="generateAccessToken_ShouldCreateValidToken()" classname="com.dersplatform.security.JwtTokenProviderTest" time="0.038"/>
  <testcase name="generateRefreshToken_ShouldCreateValidToken()" classname="com.dersplatform.security.JwtTokenProviderTest" time="0.001"/>
  <testcase name="validateToken_ShouldReturnFalse_forInvalidToken()" classname="com.dersplatform.security.JwtTokenProviderTest" time="0.0"/>
  <testcase name="tokens_ShouldHaveDifferentValues()" classname="com.dersplatform.security.JwtTokenProviderTest" time="0.001"/>
  <testcase name="validateToken_ShouldReturnFalse_forExpiredToken()" classname="com.dersplatform.security.JwtTokenProviderTest" time="0.001"/>
  <system-out><![CDATA[]]></system-out>
  <system-err><![CDATA[]]></system-err>
</testsuite>
