<?xml version="1.0" encoding="UTF-8"?>
<testsuite name="com.dersplatform.service.AuthServiceTest" tests="5" skipped="0" failures="0" errors="0" timestamp="2026-07-02T12:23:37.269Z" hostname="Users-MacBook-Pro.local" time="0.553">
  <properties/>
  <testcase name="login_ShouldReturnTokens()" classname="com.dersplatform.service.AuthServiceTest" time="0.195"/>
  <testcase name="register_ShouldThrow_whenEmailExists()" classname="com.dersplatform.service.AuthServiceTest" time="0.075"/>
  <testcase name="refresh_ShouldReturnNewTokens()" classname="com.dersplatform.service.AuthServiceTest" time="0.072"/>
  <testcase name="register_ShouldCreateUserAndReturnTokens()" classname="com.dersplatform.service.AuthServiceTest" time="0.139"/>
  <testcase name="register_ShouldThrow_whenPhoneExists()" classname="com.dersplatform.service.AuthServiceTest" time="0.072"/>
  <system-out><![CDATA[]]></system-out>
  <system-err><![CDATA[]]></system-err>
</testsuite>
