<?xml version="1.0" encoding="UTF-8"?>
<testsuite name="com.dersplatform.service.TutorListingServiceTest" tests="4" skipped="0" failures="0" errors="0" timestamp="2026-07-02T12:23:38.001Z" hostname="Users-MacBook-Pro.local" time="0.004">
  <properties/>
  <testcase name="createListing_ShouldSucceed_WhenValid()" classname="com.dersplatform.service.TutorListingServiceTest" time="0.002"/>
  <testcase name="createListing_ShouldFail_WhenListingAlreadyExists()" classname="com.dersplatform.service.TutorListingServiceTest" time="0.001"/>
  <testcase name="createListing_ShouldFail_WhenDescriptionTooShort()" classname="com.dersplatform.service.TutorListingServiceTest" time="0.001"/>
  <testcase name="createListing_ShouldFail_WhenContainsContactInfo()" classname="com.dersplatform.service.TutorListingServiceTest" time="0.0"/>
  <system-out><![CDATA[]]></system-out>
  <system-err><![CDATA[]]></system-err>
</testsuite>
