<?xml version="1.0" encoding="UTF-8"?>
<testsuite name="com.dersplatform.service.MessageServiceTest" tests="5" skipped="0" failures="0" errors="0" timestamp="2026-07-02T12:23:37.928Z" hostname="Users-MacBook-Pro.local" time="0.036">
  <properties/>
  <testcase name="markAsRead_ShouldNotUpdate_whenNotReceiver()" classname="com.dersplatform.service.MessageServiceTest" time="0.031"/>
  <testcase name="markAsRead_ShouldUpdateStatus()" classname="com.dersplatform.service.MessageServiceTest" time="0.001"/>
  <testcase name="sendMessage_ShouldCreateAndReturn()" classname="com.dersplatform.service.MessageServiceTest" time="0.002"/>
  <testcase name="getUnreadMessages_ShouldReturnList()" classname="com.dersplatform.service.MessageServiceTest" time="0.001"/>
  <testcase name="getConversation_ShouldReturnOrderedMessages()" classname="com.dersplatform.service.MessageServiceTest" time="0.001"/>
  <system-out><![CDATA[]]></system-out>
  <system-err><![CDATA[]]></system-err>
</testsuite>
